[      77ms] [ERROR] ./src/app/login/page.tsx:142:6
Parsing ecmascript source code failed
  140 |         </div>
  141 |       </div>
> 142 |     </div>
      |      ^^^^^
  143 |   );
  144 | }
  145 |

Unterminated regexp literal

Import traces:
  Client Component Browser:
    ./src/app/login/page.tsx [Client Component Browser]
    ./src/app/login/page.tsx [Server Component]

  Client Component SSR:
    ./src/app/login/page.tsx [Client Component SSR]
    ./src/app/login/page.tsx [Server Component] @ http://localhost:3000/_next/static/chunks/node_modules_next_dist_f3530cac._.js:3127
[     409ms] [ERROR] ./src/app/login/page.tsx:142:6
Parsing ecmascript source code failed
  140 |         </div>
  141 |       </div>
> 142 |     </div>
      |      ^^^^^
  143 |   );
  144 | }
  145 |

Unterminated regexp literal

Import traces:
  Client Component Browser:
    ./src/app/login/page.tsx [Client Component Browser]
    ./src/app/login/page.tsx [Server Component]

  Client Component SSR:
    ./src/app/login/page.tsx [Client Component SSR]
    ./src/app/login/page.tsx [Server Component] @ http://localhost:3000/_next/static/chunks/node_modules_next_dist_f3530cac._.js:3127
[     726ms] [ERROR] Failed to load resource: the server responded with a status of 500 (Internal Server Error) @ http://localhost:3000/login:0
[    1061ms] Error: ./src/app/login/page.tsx:142:6
Parsing ecmascript source code failed
  140 |         </div>
  141 |       </div>
> 142 |     </div>
      |      ^^^^^
  143 |   );
  144 | }
  145 |

Unterminated regexp literal

Import traces:
  Client Component Browser:
    ./src/app/login/page.tsx [Client Component Browser]
    ./src/app/login/page.tsx [Server Component]

  Client Component SSR:
    ./src/app/login/page.tsx [Client Component SSR]
    ./src/app/login/page.tsx [Server Component]


    at <unknown> (Error: ./src/app/login/page.tsx:142:6)
    at Object.getCompilationErrors (file://D:\CODE\Internal Company Portal - SAVAGE LLC\frontend\node_modules\next\dist\server\dev\hot-reloader-turbopack.js:1008:59)
    at DevBundlerService.getCompilationError (file://D:\CODE\Internal Company Portal - SAVAGE LLC\frontend\node_modules\next\dist\server\lib\dev-bundler-service.js:44:55)
    at DevServer.getCompilationError (file://D:\CODE\Internal Company Portal - SAVAGE LLC\frontend\node_modules\next\dist\server\dev\next-dev-server.js:706:42)
    at DevServer.findPageComponents (file://D:\CODE\Internal Company Portal - SAVAGE LLC\frontend\node_modules\next\dist\server\dev\next-dev-server.js:676:43)
    at async DevServer.renderErrorToResponseImpl (file://D:\CODE\Internal Company Portal - SAVAGE LLC\frontend\node_modules\next\dist\server\base-server.js:1733:26)
[    1064ms] [ERROR] ./src/app/login/page.tsx:142:6
Parsing ecmascript source code failed
  140 |         </div>
  141 |       </div>
> 142 |     </div>
      |      ^^^^^
  143 |   );
  144 | }
  145 |

Unterminated regexp literal

Import traces:
  Client Component Browser:
    ./src/app/login/page.tsx [Client Component Browser]
    ./src/app/login/page.tsx [Server Component]

  Client Component SSR:
    ./src/app/login/page.tsx [Client Component SSR]
    ./src/app/login/page.tsx [Server Component] @ http://localhost:3000/_next/static/chunks/node_modules_next_dist_fe4545e6._.js:2074
[    1292ms] [ERROR] ./src/app/login/page.tsx:142:6
Parsing ecmascript source code failed
  140 |         </div>
  141 |       </div>
> 142 |     </div>
      |      ^^^^^
  143 |   );
  144 | }
  145 |

Unterminated regexp literal

Import traces:
  Client Component Browser:
    ./src/app/login/page.tsx [Client Component Browser]
    ./src/app/login/page.tsx [Server Component]

  Client Component SSR:
    ./src/app/login/page.tsx [Client Component SSR]
    ./src/app/login/page.tsx [Server Component] @ http://localhost:3000/_next/static/chunks/node_modules_next_dist_fe4545e6._.js:2074
[   24329ms] [ERROR] A tree hydrated but some attributes of the server rendered HTML didn't match the client properties. This won't be patched up. This can happen if a SSR-ed Client Component used:

- A server/client branch `if (typeof window !== 'undefined')`.
- Variable input such as `Date.now()` or `Math.random()` which changes each time it's called.
- Date formatting in a user's locale which doesn't match the server.
- External changing data without sending a snapshot of it along with the HTML.
- Invalid HTML tag nesting.

It can also happen if the client has a browser extension installed which messes with the HTML before React loaded.

%s%s https://react.dev/link/hydration-mismatch 

  ...
    <HotReload globalError={[...]} webSocket={WebSocket} staticIndicatorState={{pathname:null, ...}}>
      <AppDevOverlayErrorBoundary globalError={[...]}>
        <ReplaySsrOnlyErrors>
        <DevRootHTTPAccessFallbackBoundary>
          <HTTPAccessFallbackBoundary notFound={<NotAllowedRootHTTPFallbackError>}>
            <HTTPAccessFallbackErrorBoundary pathname="/login" notFound={<NotAllowedRootHTTPFallbackError>} ...>
              <RedirectBoundary>
                <RedirectErrorBoundary router={{...}}>
                  <Head>
                  <__next_root_layout_boundary__>
                    <SegmentViewNode type="layout" pagePath="layout.tsx">
                      <SegmentTrieNode>
                      <link>
                      <script>
                      <script>
                      <script>
                      <RootLayout>
                        <html
                          lang="en"
-                         data-theme="light"
                        >
                          ...
                            <LayoutWrapper>
                              <AuthGuard>
                                <div
                                  style={{display:"flex",alignItems:"center",justifyContent:"center",minHeight:"100vh", ...}}
+                                 className="jsx-1e9d286cda3fb0d4"
-                                 className="jsx-8bf52cf3367706a6"
                                >
                                  <div
                                    style={{display:"flex",flexDirection:"column",alignItems:"center",gap:"16px"}}
+                                   className="jsx-1e9d286cda3fb0d4"
-                                   className="jsx-8bf52cf3367706a6"
                                  >
                                    <div
                                      style={{width:"48px",height:"48px",border:"3px solid ...",borderRightColor:"transparent", ...}}
+                                     className="jsx-1e9d286cda3fb0d4"
-                                     className="jsx-8bf52cf3367706a6"
                                    >
                                    <p
                                      style={{fontSize:"14px",color:"var(--fore...",opacity:0.7}}
+                                     className="jsx-1e9d286cda3fb0d4"
-                                     className="jsx-8bf52cf3367706a6"
                                    >
+                                     Loading...
                                  ...
                            ...
                  ...
 @ http://localhost:3000/_next/static/chunks/node_modules_next_dist_f3530cac._.js:3127
[   24382ms] [ERROR] Failed to load resource: the server responded with a status of 401 (Unauthorized) @ http://localhost:3000/api/notifications:0
